<?xml version="1.0" encoding="UTF-8"?>
<!-- Generated by org.testng.reporters.JUnitReportReporter -->
<testsuite hostname="Hemants-MBP" failures="0" tests="3" name="Tests.SubscriptionTests" time="31.545" errors="0" timestamp="2024-09-18T12:06:54 GST" skipped="0">
  <testcase classname="Tests.SubscriptionTests" name="testCasesforSaudi" time="8.224"/>
  <system-out/>
  <testcase classname="Tests.SubscriptionTests" name="testCasesforBahrain" time="14.027"/>
  <system-out/>
  <testcase classname="Tests.SubscriptionTests" name="testCasesforKuwait" time="9.294"/>
  <system-out/>
</testsuite> <!-- Tests.SubscriptionTests -->
